<?xml version="1.0" encoding="UTF-8" standalone="no"?>
<testsuite errors="0" failures="1" name="io.cucumber.core.plugin.JUnitFormatter" skipped="0" tests="1" time="198.184">
    <testcase classname="feature to Test the View Return Order Screen functionality" name="Verify the change Warehouse functionality" time="197.888">
        <failure message="element not interactable&#10;  (Session info: chrome=124.0.6367.119)&#10;Build info: version: '3.13.0', revision: '2f0d292', time: '2018-06-25T15:24:21.231Z'&#10;System info: host: 'DESKTOP-H2GTC4A', ip: '192.168.1.198', os.name: 'Windows 10', os.arch: 'amd64', os.version: '10.0', java.version: '17.0.7'&#10;Driver info: org.openqa.selenium.chrome.ChromeDriver&#10;Capabilities {acceptInsecureCerts: false, browserName: chrome, browserVersion: 124.0.6367.119, chrome: {chromedriverVersion: 123.0.6312.86 (9b72c47a0536..., userDataDir: C:\Users\CALIBR~1\AppData\L...}, fedcm:accounts: true, goog:chromeOptions: {debuggerAddress: localhost:61559}, javascriptEnabled: true, networkConnectionEnabled: false, pageLoadStrategy: normal, platform: WINDOWS, platformName: WINDOWS, proxy: Proxy(), setWindowRect: true, strictFileInteractability: false, timeouts: {implicit: 0, pageLoad: 300000, script: 30000}, unhandledPromptBehavior: dismiss and notify, webauthn:extension:credBlob: true, webauthn:extension:largeBlob: true, webauthn:extension:minPinLength: true, webauthn:extension:prf: true, webauthn:virtualAuthenticators: true}&#10;Session ID: 6382c21c609e28c128fa2ce4d42f146b" type="org.openqa.selenium.ElementNotInteractableException"><![CDATA[Given User navigates to Login page..........................................passed
When User Select the Eldorado Agritech Company..............................passed
When User enters the username and password..................................passed
And User click on the signIn................................................passed
And User click on the View Return Order under the Orders Module.............passed
And The View Return Order Screen is displayed or not........................passed
Then User Select the State..................................................passed
And User Select the Sales Person............................................passed
When User enter the partyname...............................................passed
And Select the Status.......................................................passed
And User Select the From date and To Date...................................passed
And Click on the Search button..............................................passed
And Click on the Warehouse Icon.............................................passed
Then User Select the Warehouse in the Change Warehouse page.................passed
And User click on the Save Button...........................................failed

StackTrace:
org.openqa.selenium.ElementNotInteractableException: element not interactable
  (Session info: chrome=124.0.6367.119)
Build info: version: '3.13.0', revision: '2f0d292', time: '2018-06-25T15:24:21.231Z'
System info: host: 'DESKTOP-H2GTC4A', ip: '192.168.1.198', os.name: 'Windows 10', os.arch: 'amd64', os.version: '10.0', java.version: '17.0.7'
Driver info: org.openqa.selenium.chrome.ChromeDriver
Capabilities {acceptInsecureCerts: false, browserName: chrome, browserVersion: 124.0.6367.119, chrome: {chromedriverVersion: 123.0.6312.86 (9b72c47a0536..., userDataDir: C:\Users\CALIBR~1\AppData\L...}, fedcm:accounts: true, goog:chromeOptions: {debuggerAddress: localhost:61559}, javascriptEnabled: true, networkConnectionEnabled: false, pageLoadStrategy: normal, platform: WINDOWS, platformName: WINDOWS, proxy: Proxy(), setWindowRect: true, strictFileInteractability: false, timeouts: {implicit: 0, pageLoad: 300000, script: 30000}, unhandledPromptBehavior: dismiss and notify, webauthn:extension:credBlob: true, webauthn:extension:largeBlob: true, webauthn:extension:minPinLength: true, webauthn:extension:prf: true, webauthn:virtualAuthenticators: true}
Session ID: 6382c21c609e28c128fa2ce4d42f146b
	at java.base/jdk.internal.reflect.NativeConstructorAccessorImpl.newInstance0(Native Method)
	at java.base/jdk.internal.reflect.NativeConstructorAccessorImpl.newInstance(NativeConstructorAccessorImpl.java:77)
	at java.base/jdk.internal.reflect.DelegatingConstructorAccessorImpl.newInstance(DelegatingConstructorAccessorImpl.java:45)
	at java.base/java.lang.reflect.Constructor.newInstanceWithCaller(Constructor.java:499)
	at java.base/java.lang.reflect.Constructor.newInstance(Constructor.java:480)
	at org.openqa.selenium.remote.http.W3CHttpResponseCodec.createException(W3CHttpResponseCodec.java:187)
	at org.openqa.selenium.remote.http.W3CHttpResponseCodec.decode(W3CHttpResponseCodec.java:122)
	at org.openqa.selenium.remote.http.W3CHttpResponseCodec.decode(W3CHttpResponseCodec.java:49)
	at org.openqa.selenium.remote.HttpCommandExecutor.execute(HttpCommandExecutor.java:158)
	at org.openqa.selenium.remote.service.DriverCommandExecutor.execute(DriverCommandExecutor.java:83)
	at org.openqa.selenium.remote.RemoteWebDriver.execute(RemoteWebDriver.java:548)
	at org.openqa.selenium.remote.RemoteWebElement.execute(RemoteWebElement.java:276)
	at org.openqa.selenium.remote.RemoteWebElement.click(RemoteWebElement.java:83)
	at Pages.EAPL_Confirm_Orders_Pages.User_click_on_the_Save_Button(EAPL_Confirm_Orders_Pages.java:270)
	at Stepdefinition.EAPL_ConfirmOrders.User_click_on_the_Save_Button(EAPL_ConfirmOrders.java:55)
	at ✽.User click on the Save Button(file:///C:/Users/Calibrage24/git/repository/EldoradoAgritech/Features/EAPL_ViewReturnOrder.feature:55)
]]></failure>
    </testcase>
</testsuite>
nium.remote.RemoteWebDriver.findElement(RemoteWebDriver.java:322)
	at org.openqa.selenium.remote.RemoteWebDriver.findElementByXPath(RemoteWebDriver.java:424)
	at org.openqa.selenium.By$ByXPath.findElement(By.java:353)
	at org.openqa.selenium.remote.RemoteWebDriver.findElement(RemoteWebDriver.java:314)
	at Pages.EAPL_Confirm_Orders_Pages.User_click_on_the_Save_Button(EAPL_Confirm_Orders_Pages.java:258)
	at Stepdefinition.EAPL_ConfirmOrders.User_click_on_the_Save_Button(EAPL_ConfirmOrders.java:55)
	at ✽.User click on the Save Button(file:///C:/Users/Calibrage24/git/repository/EldoradoAgritech/Features/EAPL_ViewReturnOrder.feature:55)
]]></failure>
    </testcase>
</testsuite>
