<?xml version="1.0" encoding="UTF-8" standalone="no"?>
<testsuite errors="0" failures="3" name="io.cucumber.core.plugin.JUnitFormatter" skipped="0" tests="8" time="650.182">
    <testcase classname="feature to Test the Confirm Orders Screen functionality" name="Validate login is successful with valid credentials" time="29.545">
        <system-out><![CDATA[Given User navigates to Login page..........................................passed
When User Select the Eldorado Agritech Company..............................passed
When User enters the username and password..................................passed
And User click on the signIn................................................passed
Then User navigated to the home page........................................passed
]]></system-out>
    </testcase>
    <testcase classname="feature to Test the Confirm Orders Screen functionality" name="Validate user click on the Confirm Orders screen in menu" time="29.383">
        <system-out><![CDATA[Given User navigates to Login page..........................................passed
When User Select the Eldorado Agritech Company..............................passed
When User enters the username and password..................................passed
And User click on the signIn................................................passed
And User click on the Confirm Orders under the Orders Module................passed
]]></system-out>
    </testcase>
    <testcase classname="feature to Test the Confirm Orders Screen functionality" name="Verify the filter Functionality" time="81.002">
        <system-out><![CDATA[Given User navigates to Login page..........................................passed
When User Select the Eldorado Agritech Company..............................passed
When User enters the username and password..................................passed
And User click on the signIn................................................passed
And User click on the Confirm Orders under the Orders Module................passed
Then User Select the State..................................................passed
And User Select the Sales Person............................................passed
And Select the Warehouse....................................................passed
When User enter the partyname...............................................passed
And Select the Status.......................................................passed
And Select the From date and ToDate.........................................passed
And Click on the Search button..............................................passed
And The Search related data is displayed in the main grid...................passed
]]></system-out>
    </testcase>
    <testcase classname="feature to Test the Confirm Orders Screen functionality" name="Verify the Order Accepted functionality" time="160.112">
        <failure message="no such element: Unable to locate element: {&quot;method&quot;:&quot;xpath&quot;,&quot;selector&quot;:&quot;(//td/span/p-tablecheckbox/div/div[@role='checkbox'])[1]&quot;}&#10;  (Session info: chrome=124.0.6367.118)&#10;For documentation on this error, please visit: http://seleniumhq.org/exceptions/no_such_element.html&#10;Build info: version: '3.13.0', revision: '2f0d292', time: '2018-06-25T15:24:21.231Z'&#10;System info: host: 'DESKTOP-H2GTC4A', ip: '192.168.1.198', os.name: 'Windows 10', os.arch: 'amd64', os.version: '10.0', java.version: '17.0.7'&#10;Driver info: org.openqa.selenium.chrome.ChromeDriver&#10;Capabilities {acceptInsecureCerts: false, browserName: chrome, browserVersion: 124.0.6367.118, chrome: {chromedriverVersion: 123.0.6312.86 (9b72c47a0536..., userDataDir: C:\Users\CALIBR~1\AppData\L...}, fedcm:accounts: true, goog:chromeOptions: {debuggerAddress: localhost:58044}, javascriptEnabled: true, networkConnectionEnabled: false, pageLoadStrategy: normal, platform: WINDOWS, platformName: WINDOWS, proxy: Proxy(), setWindowRect: true, strictFileInteractability: false, timeouts: {implicit: 0, pageLoad: 300000, script: 30000}, unhandledPromptBehavior: dismiss and notify, webauthn:extension:credBlob: true, webauthn:extension:largeBlob: true, webauthn:extension:minPinLength: true, webauthn:extension:prf: true, webauthn:virtualAuthenticators: true}&#10;Session ID: 363d9c99386c73ae04a76b521cf91b2d&#10;*** Element info: {Using=xpath, value=(//td/span/p-tablecheckbox/div/div[@role='checkbox'])[1]}" type="org.openqa.selenium.NoSuchElementException"><![CDATA[Given User navigates to Login page..........................................passed
When User Select the Eldorado Agritech Company..............................passed
When User enters the username and password..................................passed
And User click on the signIn................................................passed
And User click on the Confirm Orders under the Orders Module................passed
And User Select the Status..................................................passed
And Select the From date and ToDate.........................................passed
And Click on the Search button..............................................passed
Then User Click on the Order Check box......................................failed
And Click on the Accept button..............................................skipped
When User enter the data in Remarks field...................................skipped
And Click on the save button................................................skipped

StackTrace:
org.openqa.selenium.NoSuchElementException: no such element: Unable to locate element: {"method":"xpath","selector":"(//td/span/p-tablecheckbox/div/div[@role='checkbox'])[1]"}
  (Session info: chrome=124.0.6367.118)
For documentation on this error, please visit: http://seleniumhq.org/exceptions/no_such_element.html
Build info: version: '3.13.0', revision: '2f0d292', time: '2018-06-25T15:24:21.231Z'
System info: host: 'DESKTOP-H2GTC4A', ip: '192.168.1.198', os.name: 'Windows 10', os.arch: 'amd64', os.version: '10.0', java.version: '17.0.7'
Driver info: org.openqa.selenium.chrome.ChromeDriver
Capabilities {acceptInsecureCerts: false, browserName: chrome, browserVersion: 124.0.6367.118, chrome: {chromedriverVersion: 123.0.6312.86 (9b72c47a0536..., userDataDir: C:\Users\CALIBR~1\AppData\L...}, fedcm:accounts: true, goog:chromeOptions: {debuggerAddress: localhost:58044}, javascriptEnabled: true, networkConnectionEnabled: false, pageLoadStrategy: normal, platform: WINDOWS, platformName: WINDOWS, proxy: Proxy(), setWindowRect: true, strictFileInteractability: false, timeouts: {implicit: 0, pageLoad: 300000, script: 30000}, unhandledPromptBehavior: dismiss and notify, webauthn:extension:credBlob: true, webauthn:extension:largeBlob: true, webauthn:extension:minPinLength: true, webauthn:extension:prf: true, webauthn:virtualAuthenticators: true}
Session ID: 363d9c99386c73ae04a76b521cf91b2d
*** Element info: {Using=xpath, value=(//td/span/p-tablecheckbox/div/div[@role='checkbox'])[1]}
	at java.base/jdk.internal.reflect.NativeConstructorAccessorImpl.newInstance0(Native Method)
	at java.base/jdk.internal.reflect.NativeConstructorAccessorImpl.newInstance(NativeConstructorAccessorImpl.java:77)
	at java.base/jdk.internal.reflect.DelegatingConstructorAccessorImpl.newInstance(DelegatingConstructorAccessorImpl.java:45)
	at java.base/java.lang.reflect.Constructor.newInstanceWithCaller(Constructor.java:499)
	at java.base/java.lang.reflect.Constructor.newInstance(Constructor.java:480)
	at org.openqa.selenium.remote.http.W3CHttpResponseCodec.createException(W3CHttpResponseCodec.java:187)
	at org.openqa.selenium.remote.http.W3CHttpResponseCodec.decode(W3CHttpResponseCodec.java:122)
	at org.openqa.selenium.remote.http.W3CHttpResponseCodec.decode(W3CHttpResponseCodec.java:49)
	at org.openqa.selenium.remote.HttpCommandExecutor.execute(HttpCommandExecutor.java:158)
	at org.openqa.selenium.remote.service.DriverCommandExecutor.execute(DriverCommandExecutor.java:83)
	at org.openqa.selenium.remote.RemoteWebDriver.execute(RemoteWebDriver.java:548)
	at org.openqa.selenium.remote.RemoteWebDriver.findElement(RemoteWebDriver.java:322)
	at org.openqa.selenium.remote.RemoteWebDriver.findElementByXPath(RemoteWebDriver.java:424)
	at org.openqa.selenium.By$ByXPath.findElement(By.java:353)
	at org.openqa.selenium.remote.RemoteWebDriver.findElement(RemoteWebDriver.java:314)
	at Pages.EAPL_Confirm_Orders_Pages.User_Click_on_the_Order_Check_box(EAPL_Confirm_Orders_Pages.java:260)
	at Stepdefinition.EAPL_ConfirmOrders.User_Click_on_the_Order_Check_box(EAPL_ConfirmOrders.java:67)
	at ✽.User Click on the Order Check box(file:///C:/Users/Calibrage24/git/repository/EldoradoAgritech/Features/EAPL_ConfirmOrders.feature:69)
]]></failure>
    </testcase>
    <testcase classname="feature to Test the Confirm Orders Screen functionality" name="Verify the Order Rejected functionality" time="124.843">
        <failure message="no such element: Unable to locate element: {&quot;method&quot;:&quot;xpath&quot;,&quot;selector&quot;:&quot;(//span[text()='Confirm Orders'])[1]&quot;}&#10;  (Session info: chrome=124.0.6367.118)&#10;For documentation on this error, please visit: http://seleniumhq.org/exceptions/no_such_element.html&#10;Build info: version: '3.13.0', revision: '2f0d292', time: '2018-06-25T15:24:21.231Z'&#10;System info: host: 'DESKTOP-H2GTC4A', ip: '192.168.1.198', os.name: 'Windows 10', os.arch: 'amd64', os.version: '10.0', java.version: '17.0.7'&#10;Driver info: org.openqa.selenium.chrome.ChromeDriver&#10;Capabilities {acceptInsecureCerts: false, browserName: chrome, browserVersion: 124.0.6367.118, chrome: {chromedriverVersion: 123.0.6312.86 (9b72c47a0536..., userDataDir: C:\Users\CALIBR~1\AppData\L...}, fedcm:accounts: true, goog:chromeOptions: {debuggerAddress: localhost:58106}, javascriptEnabled: true, networkConnectionEnabled: false, pageLoadStrategy: normal, platform: WINDOWS, platformName: WINDOWS, proxy: Proxy(), setWindowRect: true, strictFileInteractability: false, timeouts: {implicit: 0, pageLoad: 300000, script: 30000}, unhandledPromptBehavior: dismiss and notify, webauthn:extension:credBlob: true, webauthn:extension:largeBlob: true, webauthn:extension:minPinLength: true, webauthn:extension:prf: true, webauthn:virtualAuthenticators: true}&#10;Session ID: 7faf84d94c0de086e60ff141c7304457&#10;*** Element info: {Using=xpath, value=(//span[text()='Confirm Orders'])[1]}" type="org.openqa.selenium.NoSuchElementException"><![CDATA[Given User navigates to Login page..........................................passed
When User Select the Eldorado Agritech Company..............................passed
When User enters the username and password..................................passed
And User click on the signIn................................................passed
And User click on the Confirm Orders under the Orders Module................failed
Then User Select the State..................................................skipped
And User Select the Sales Person............................................skipped
When User enter the partyname...............................................skipped
And User Select the Status..................................................skipped
And The User Select the From date and ToDate................................skipped
And Click on the Search button..............................................skipped
Then User Click on the Order Check box......................................skipped
And Click on the Reject button..............................................skipped
When The User enter the data in Remarks field...............................skipped
And Click on the Reject details save button.................................skipped

StackTrace:
org.openqa.selenium.NoSuchElementException: no such element: Unable to locate element: {"method":"xpath","selector":"(//span[text()='Confirm Orders'])[1]"}
  (Session info: chrome=124.0.6367.118)
For documentation on this error, please visit: http://seleniumhq.org/exceptions/no_such_element.html
Build info: version: '3.13.0', revision: '2f0d292', time: '2018-06-25T15:24:21.231Z'
System info: host: 'DESKTOP-H2GTC4A', ip: '192.168.1.198', os.name: 'Windows 10', os.arch: 'amd64', os.version: '10.0', java.version: '17.0.7'
Driver info: org.openqa.selenium.chrome.ChromeDriver
Capabilities {acceptInsecureCerts: false, browserName: chrome, browserVersion: 124.0.6367.118, chrome: {chromedriverVersion: 123.0.6312.86 (9b72c47a0536..., userDataDir: C:\Users\CALIBR~1\AppData\L...}, fedcm:accounts: true, goog:chromeOptions: {debuggerAddress: localhost:58106}, javascriptEnabled: true, networkConnectionEnabled: false, pageLoadStrategy: normal, platform: WINDOWS, platformName: WINDOWS, proxy: Proxy(), setWindowRect: true, strictFileInteractability: false, timeouts: {implicit: 0, pageLoad: 300000, script: 30000}, unhandledPromptBehavior: dismiss and notify, webauthn:extension:credBlob: true, webauthn:extension:largeBlob: true, webauthn:extension:minPinLength: true, webauthn:extension:prf: true, webauthn:virtualAuthenticators: true}
Session ID: 7faf84d94c0de086e60ff141c7304457
*** Element info: {Using=xpath, value=(//span[text()='Confirm Orders'])[1]}
	at java.base/jdk.internal.reflect.NativeConstructorAccessorImpl.newInstance0(Native Method)
	at java.base/jdk.internal.reflect.NativeConstructorAccessorImpl.newInstance(NativeConstructorAccessorImpl.java:77)
	at java.base/jdk.internal.reflect.DelegatingConstructorAccessorImpl.newInstance(DelegatingConstructorAccessorImpl.java:45)
	at java.base/java.lang.reflect.Constructor.newInstanceWithCaller(Constructor.java:499)
	at java.base/java.lang.reflect.Constructor.newInstance(Constructor.java:480)
	at org.openqa.selenium.remote.http.W3CHttpResponseCodec.createException(W3CHttpResponseCodec.java:187)
	at org.openqa.selenium.remote.http.W3CHttpResponseCodec.decode(W3CHttpResponseCodec.java:122)
	at org.openqa.selenium.remote.http.W3CHttpResponseCodec.decode(W3CHttpResponseCodec.java:49)
	at org.openqa.selenium.remote.HttpCommandExecutor.execute(HttpCommandExecutor.java:158)
	at org.openqa.selenium.remote.service.DriverCommandExecutor.execute(DriverCommandExecutor.java:83)
	at org.openqa.selenium.remote.RemoteWebDriver.execute(RemoteWebDriver.java:548)
	at org.openqa.selenium.remote.RemoteWebDriver.findElement(RemoteWebDriver.java:322)
	at org.openqa.selenium.remote.RemoteWebDriver.findElementByXPath(RemoteWebDriver.java:424)
	at org.openqa.selenium.By$ByXPath.findElement(By.java:353)
	at org.openqa.selenium.remote.RemoteWebDriver.findElement(RemoteWebDriver.java:314)
	at Pages.EAPL_Confirm_Orders_Pages.User_click_on_the_Confirm_Orders_under_the_Orders_Module(EAPL_Confirm_Orders_Pages.java:94)
	at Stepdefinition.EAPL_ConfirmOrders.User_click_on_the_Confirm_Orders_under_the_Orders_Module(EAPL_ConfirmOrders.java:15)
	at ✽.User click on the Confirm Orders under the Orders Module(file:///C:/Users/Calibrage24/git/repository/EldoradoAgritech/Features/EAPL_ConfirmOrders.feature:80)
]]></failure>
    </testcase>
    <testcase classname="feature to Test the Confirm Orders Screen functionality" name="Verify the Order History when the status is Accepted" time="85.965">
        <failure message="element click intercepted: Element is not clickable at point (1761, 1507)&#10;  (Session info: chrome=124.0.6367.118)&#10;Build info: version: '3.13.0', revision: '2f0d292', time: '2018-06-25T15:24:21.231Z'&#10;System info: host: 'DESKTOP-H2GTC4A', ip: '192.168.1.198', os.name: 'Windows 10', os.arch: 'amd64', os.version: '10.0', java.version: '17.0.7'&#10;Driver info: org.openqa.selenium.chrome.ChromeDriver&#10;Capabilities {acceptInsecureCerts: false, browserName: chrome, browserVersion: 124.0.6367.118, chrome: {chromedriverVersion: 123.0.6312.86 (9b72c47a0536..., userDataDir: C:\Users\CALIBR~1\AppData\L...}, fedcm:accounts: true, goog:chromeOptions: {debuggerAddress: localhost:58258}, javascriptEnabled: true, networkConnectionEnabled: false, pageLoadStrategy: normal, platform: WINDOWS, platformName: WINDOWS, proxy: Proxy(), setWindowRect: true, strictFileInteractability: false, timeouts: {implicit: 0, pageLoad: 300000, script: 30000}, unhandledPromptBehavior: dismiss and notify, webauthn:extension:credBlob: true, webauthn:extension:largeBlob: true, webauthn:extension:minPinLength: true, webauthn:extension:prf: true, webauthn:virtualAuthenticators: true}&#10;Session ID: 92df0d863347040d7344bdc4eb4250cc" type="org.openqa.selenium.ElementClickInterceptedException"><![CDATA[Given User navigates to Login page..........................................passed
When User Select the Eldorado Agritech Company..............................passed
When User enters the username and password..................................passed
And User click on the signIn................................................passed
And User click on the Confirm Orders under the Orders Module................passed
Then User Select the State..................................................passed
And User Select the Sales Person............................................passed
And The User Select the Warehouse...........................................passed
When User enter the partyname...............................................passed
Then The User Select the Status.............................................passed
And User Select the From date and ToDate....................................passed
And Click on the Search button..............................................passed
And Click on the Order history Icon.........................................failed
And Verify the Party details and Order details are displayed or not.........skipped
And Verify the displayed Order ID is correct or not.........................skipped
And Verify the order details are displayed in the Order history page or not.skipped
And Verify the Party details are displayed in the Order history page or not.skipped
And User Click on the Back button...........................................skipped

StackTrace:
org.openqa.selenium.ElementClickInterceptedException: element click intercepted: Element is not clickable at point (1761, 1507)
  (Session info: chrome=124.0.6367.118)
Build info: version: '3.13.0', revision: '2f0d292', time: '2018-06-25T15:24:21.231Z'
System info: host: 'DESKTOP-H2GTC4A', ip: '192.168.1.198', os.name: 'Windows 10', os.arch: 'amd64', os.version: '10.0', java.version: '17.0.7'
Driver info: org.openqa.selenium.chrome.ChromeDriver
Capabilities {acceptInsecureCerts: false, browserName: chrome, browserVersion: 124.0.6367.118, chrome: {chromedriverVersion: 123.0.6312.86 (9b72c47a0536..., userDataDir: C:\Users\CALIBR~1\AppData\L...}, fedcm:accounts: true, goog:chromeOptions: {debuggerAddress: localhost:58258}, javascriptEnabled: true, networkConnectionEnabled: false, pageLoadStrategy: normal, platform: WINDOWS, platformName: WINDOWS, proxy: Proxy(), setWindowRect: true, strictFileInteractability: false, timeouts: {implicit: 0, pageLoad: 300000, script: 30000}, unhandledPromptBehavior: dismiss and notify, webauthn:extension:credBlob: true, webauthn:extension:largeBlob: true, webauthn:extension:minPinLength: true, webauthn:extension:prf: true, webauthn:virtualAuthenticators: true}
Session ID: 92df0d863347040d7344bdc4eb4250cc
	at java.base/jdk.internal.reflect.NativeConstructorAccessorImpl.newInstance0(Native Method)
	at java.base/jdk.internal.reflect.NativeConstructorAccessorImpl.newInstance(NativeConstructorAccessorImpl.java:77)
	at java.base/jdk.internal.reflect.DelegatingConstructorAccessorImpl.newInstance(DelegatingConstructorAccessorImpl.java:45)
	at java.base/java.lang.reflect.Constructor.newInstanceWithCaller(Constructor.java:499)
	at java.base/java.lang.reflect.Constructor.newInstance(Constructor.java:480)
	at org.openqa.selenium.remote.http.W3CHttpResponseCodec.createException(W3CHttpResponseCodec.java:187)
	at org.openqa.selenium.remote.http.W3CHttpResponseCodec.decode(W3CHttpResponseCodec.java:122)
	at org.openqa.selenium.remote.http.W3CHttpResponseCodec.decode(W3CHttpResponseCodec.java:49)
	at org.openqa.selenium.remote.HttpCommandExecutor.execute(HttpCommandExecutor.java:158)
	at org.openqa.selenium.remote.service.DriverCommandExecutor.execute(DriverCommandExecutor.java:83)
	at org.openqa.selenium.remote.RemoteWebDriver.execute(RemoteWebDriver.java:548)
	at org.openqa.selenium.remote.RemoteWebElement.execute(RemoteWebElement.java:276)
	at org.openqa.selenium.remote.RemoteWebElement.click(RemoteWebElement.java:83)
	at Pages.EAPL_Confirm_Orders_Pages.Click_on_the_Order_history_Icon(EAPL_Confirm_Orders_Pages.java:286)
	at Stepdefinition.EAPL_ConfirmOrders.Click_on_the_Order_history_Icon(EAPL_ConfirmOrders.java:91)
	at ✽.Click on the Order history Icon(file:///C:/Users/Calibrage24/git/repository/EldoradoAgritech/Features/EAPL_ConfirmOrders.feature:106)
]]></failure>
    </testcase>
    <testcase classname="feature to Test the Confirm Orders Screen functionality" name="Verification of the expansion grid functionality" time="86.153">
        <system-out><![CDATA[Given User navigates to Login page..........................................passed
When User Select the Eldorado Agritech Company..............................passed
When User enters the username and password..................................passed
And User click on the signIn................................................passed
And User click on the Confirm Orders under the Orders Module................passed
Then User Select the State..................................................passed
And User Select the Sales Person............................................passed
And The User Select the Warehouse...........................................passed
When User enter the partyname...............................................passed
Then The User Select the Status.............................................passed
And User Select the From date and ToDate....................................passed
And Click on the Search button..............................................passed
And Click on the Order Expansion Icon.......................................passed
And Verify the expansion grid header section names are displayed or not.....passed
And Verify the Order Items are displayed in the expansion grid or not.......passed
]]></system-out>
    </testcase>
    <testcase classname="feature to Test the Confirm Orders Screen functionality" name="Verify the Pagination functionality" time="52.826">
        <system-out><![CDATA[Given User navigates to Login page..........................................passed
When User Select the Eldorado Agritech Company..............................passed
When User enters the username and password..................................passed
And User click on the signIn................................................passed
And User click on the Confirm Orders under the Orders Module................passed
And User Select the From date and ToDate....................................passed
And Click on the Search button..............................................passed
Then By default ten records are displayed...................................passed
And check whether it is navigating to the after page records when the user clicks on Next page icon.passed
And check whether it is navigating to the before page records when the user clicks on before page icon.passed
And check whether it is displaying the last page records when the user clicks on last page icon.passed
]]></system-out>
    </testcase>
</testsuite>
