<?xml version="1.0" encoding="UTF-8" standalone="no"?>
<testsuite errors="0" failures="0" name="io.cucumber.core.plugin.JUnitFormatter" skipped="0" tests="11" time="408.547">
    <testcase classname="feature to Test the Confirm Orders Screen functionality" name="Verify the State related filter functionality" time="37.399">
        <system-out><![CDATA[Given User navigates to Login page..........................................passed
When User enters the username and password..................................passed
And User click on the signIn................................................passed
And User click on the Confirm Orders under the Orders Module................passed
And User Select the State"Andhra Pradesh"...................................passed
And Click on the Search button..............................................passed
And The Search related data is displayed in the main grid...................passed
]]></system-out>
    </testcase>
    <testcase classname="feature to Test the Confirm Orders Screen functionality" name="Verify the State related filter functionality 2" time="36.746">
        <system-out><![CDATA[Given User navigates to Login page..........................................passed
When User enters the username and password..................................passed
And User click on the signIn................................................passed
And User click on the Confirm Orders under the Orders Module................passed
And User Select the State"Bihar"............................................passed
And Click on the Search button..............................................passed
And The Search related data is displayed in the main grid...................passed
]]></system-out>
    </testcase>
    <testcase classname="feature to Test the Confirm Orders Screen functionality" name="Verify the State related filter functionality 3" time="36.694">
        <system-out><![CDATA[Given User navigates to Login page..........................................passed
When User enters the username and password..................................passed
And User click on the signIn................................................passed
And User click on the Confirm Orders under the Orders Module................passed
And User Select the State"Chattisgarh"......................................passed
And Click on the Search button..............................................passed
And The Search related data is displayed in the main grid...................passed
]]></system-out>
    </testcase>
    <testcase classname="feature to Test the Confirm Orders Screen functionality" name="Verify the Sales person related filter functionality" time="36.708">
        <system-out><![CDATA[Given User navigates to Login page..........................................passed
When User enters the username and password..................................passed
And User click on the signIn................................................passed
And User click on the Confirm Orders under the Orders Module................passed
And User Select the Sales Person"Super Admin"...............................passed
And Click on the Search button..............................................passed
And The Search related data is displayed in the main grid...................passed
]]></system-out>
    </testcase>
    <testcase classname="feature to Test the Confirm Orders Screen functionality" name="Verify the Sales person related filter functionality 2" time="37.043">
        <system-out><![CDATA[Given User navigates to Login page..........................................passed
When User enters the username and password..................................passed
And User click on the signIn................................................passed
And User click on the Confirm Orders under the Orders Module................passed
And User Select the Sales Person"Ravi A"....................................passed
And Click on the Search button..............................................passed
And The Search related data is displayed in the main grid...................passed
]]></system-out>
    </testcase>
    <testcase classname="feature to Test the Confirm Orders Screen functionality" name="Verify the Warehouse related filter functionality" time="37.204">
        <system-out><![CDATA[Given User navigates to Login page..........................................passed
When User enters the username and password..................................passed
And User click on the signIn................................................passed
And User click on the Confirm Orders under the Orders Module................passed
And User Select the Warehouse"Andhra Pradesh (AP01)"........................passed
And Click on the Search button..............................................passed
And The Search related data is displayed in the main grid...................passed
]]></system-out>
    </testcase>
    <testcase classname="feature to Test the Confirm Orders Screen functionality" name="Verify the Warehouse related filter functionality 2" time="37.262">
        <system-out><![CDATA[Given User navigates to Login page..........................................passed
When User enters the username and password..................................passed
And User click on the signIn................................................passed
And User click on the Confirm Orders under the Orders Module................passed
And User Select the Warehouse"Bihar (BH01)".................................passed
And Click on the Search button..............................................passed
And The Search related data is displayed in the main grid...................passed
]]></system-out>
    </testcase>
    <testcase classname="feature to Test the Confirm Orders Screen functionality" name="Verify the Warehouse related filter functionality 3" time="37.102">
        <system-out><![CDATA[Given User navigates to Login page..........................................passed
When User enters the username and password..................................passed
And User click on the signIn................................................passed
And User click on the Confirm Orders under the Orders Module................passed
And User Select the Warehouse"Gujarat (GJ01)"...............................passed
And Click on the Search button..............................................passed
And The Search related data is displayed in the main grid...................passed
]]></system-out>
    </testcase>
    <testcase classname="feature to Test the Confirm Orders Screen functionality" name="Verify the Status related filter functionality" time="36.513">
        <system-out><![CDATA[Given User navigates to Login page..........................................passed
When User enters the username and password..................................passed
And User click on the signIn................................................passed
And User click on the Confirm Orders under the Orders Module................passed
And User Select the Status"Pending".........................................passed
And Click on the Search button..............................................passed
And The Search related data is displayed in the main grid...................passed
]]></system-out>
    </testcase>
    <testcase classname="feature to Test the Confirm Orders Screen functionality" name="Verify the Status related filter functionality 2" time="37.793">
        <system-out><![CDATA[Given User navigates to Login page..........................................passed
When User enters the username and password..................................passed
And User click on the signIn................................................passed
And User click on the Confirm Orders under the Orders Module................passed
And User Select the Status"Shipped".........................................passed
And Click on the Search button..............................................passed
And The Search related data is displayed in the main grid...................passed
]]></system-out>
    </testcase>
    <testcase classname="feature to Test the Confirm Orders Screen functionality" name="Verify the Status related filter functionality 3" time="37.627">
        <system-out><![CDATA[Given User navigates to Login page..........................................passed
When User enters the username and password..................................passed
And User click on the signIn................................................passed
And User click on the Confirm Orders under the Orders Module................passed
And User Select the Status"Partially Shipped"...............................passed
And Click on the Search button..............................................passed
And The Search related data is displayed in the main grid...................passed
]]></system-out>
    </testcase>
</testsuite>
