<?xml version="1.0" encoding="UTF-8" standalone="no"?>
<testsuite errors="0" failures="0" name="io.cucumber.core.plugin.JUnitFormatter" skipped="0" tests="7" time="397.317">
    <testcase classname="feature to Test Roles Screen functionality" name="Validate login is successful with valid credentials" time="24.807">
        <system-out><![CDATA[Given User navigates to Login page..........................................passed
When User enters the username and password..................................passed
And User click on the signIn................................................passed
Then User navigated to the home page........................................passed
]]></system-out>
    </testcase>
    <testcase classname="feature to Test Roles Screen functionality" name="Validate user click on the Roles screen in menu" time="28.533">
        <system-out><![CDATA[Given User navigates to Login page..........................................passed
When User enters the username and password..................................passed
And User click on the signIn................................................passed
And User click on the Security Module.......................................passed
And User Click on the Roles screen..........................................passed
]]></system-out>
    </testcase>
    <testcase classname="feature to Test Roles Screen functionality" name="Validate Add user without enter the data" time="36.82">
        <system-out><![CDATA[Given User navigates to Login page..........................................passed
When User enters the username and password..................................passed
And User click on the signIn................................................passed
And User click on the Security Module.......................................passed
And User Click on the Roles screen..........................................passed
And User click on the Add button............................................passed
And User Click on the Save button...........................................passed
Then Validation message should be displayed.................................passed
]]></system-out>
    </testcase>
    <testcase classname="feature to Test Roles Screen functionality" name="Verify the Add Role functionality" time="170.959">
        <system-out><![CDATA[Given User navigates to Login page..........................................passed
When User enters the username and password..................................passed
And User click on the signIn................................................passed
And User click on the Security Module.......................................passed
And User Click on the Roles screen..........................................passed
And User click on the Add button............................................passed
When User enter the data in Name field......................................passed
Then User Select the Reporting manager......................................passed
When User enter the Description.............................................passed
And User Select the Web Access type toggle..................................passed
And User Select the Mobile Access type toggle...............................passed
Then User Select the View User Check box....................................passed
And User Select the Add/Update User Check box...............................passed
And User Select the Delete User Check box...................................passed
Then User Select the View Roles Check box...................................passed
And User Select the Add/Update Roles Check box..............................passed
And User Select the Delete Roles Check box..................................passed
Then User Select the View Orders............................................passed
And User Select the Create orders...........................................passed
And User Select the Cancel Orders...........................................passed
Then User Select the Sale Head Approval/Reject Order........................passed
And User Select the HO Accept/Reject Order..................................passed
And User Select the Receive Order...........................................passed
And User Select the Change Warehouse........................................passed
Then User Select the View Collection Check box..............................passed
And User Select the Create Collection Check box.............................passed
And User Select the Accept/Reject Collection Check box......................passed
Then User Select the View Return Order......................................passed
And User Select the Create Return Order.....................................passed
Then User Select the Accept/Reject Return Order.............................passed
And User Select the Create Credit Note......................................passed
And User Select the Delete Credit Note......................................passed
Then User Select the Upload Return Attachments..............................passed
And The User Select the Change Warehouse....................................passed
Then User Select the View Item Master Check box.............................passed
And User Select the Add/Update Item Master Check box........................passed
And User Select the Delete Item Master Check box............................passed
Then User Select the View Banners Check box.................................passed
And User Select the Add Banners Check box...................................passed
And User Select the Delete Banners Check box................................passed
]]></system-out>
    </testcase>
    <testcase classname="feature to Test Roles Screen functionality" name="Verification of the Added Role is displayed in the grid" time="43.582">
        <system-out><![CDATA[Given User navigates to Login page..........................................passed
When User enters the username and password..................................passed
And User click on the signIn................................................passed
And User click on the Security Module.......................................passed
And User Click on the Roles screen..........................................passed
Then User click on the Filter Icon..........................................passed
When User enter the data in the filter field................................passed
And User Click on the Apply button..........................................passed
And User Click on the Clear button..........................................passed
]]></system-out>
    </testcase>
    <testcase classname="feature to Test Roles Screen functionality" name="Verify the Delete Role functionality" time="38.507">
        <system-out><![CDATA[Given User navigates to Login page..........................................passed
When User enters the username and password..................................passed
And User click on the signIn................................................passed
And User click on the Security Module.......................................passed
And User Click on the Roles screen..........................................passed
Then User click on the Filter Icon..........................................passed
When User enter the data in the filter field................................passed
And User Click on the Apply button..........................................passed
]]></system-out>
    </testcase>
    <testcase classname="feature to Test Roles Screen functionality" name="Verify the Update Role functionality" time="53.756">
        <system-out><![CDATA[Given User navigates to Login page..........................................passed
When User enters the username and password..................................passed
And User click on the signIn................................................passed
And User click on the Security Module.......................................passed
And User Click on the Roles screen..........................................passed
Then User click on the Filter Icon..........................................passed
When User enter the data in the filter field................................passed
And User Click on the Apply button..........................................passed
And Verify whether the page is navigating to the Update Role or not on clicking the Edit button.passed
When Update the Reporting manager...........................................passed
]]></system-out>
    </testcase>
</testsuite>
